{
	"src/qzprint.hook.ts": {
		"path": "src/qzprint.hook.ts",
		"statementMap": {
			"0": {
				"start": { "line": 6, "column": 13 },
				"end": { "line": 48, "column": null }
			},
			"1": {
				"start": { "line": 7, "column": 22 },
				"end": { "line": 7, "column": 45 }
			},
			"2": {
				"start": { "line": 8, "column": 20 },
				"end": { "line": 8, "column": 52 }
			},
			"3": {
				"start": { "line": 9, "column": 15 },
				"end": { "line": 9, "column": 50 }
			},
			"4": {
				"start": { "line": 11, "column": 15 },
				"end": { "line": 43, "column": null }
			},
			"5": {
				"start": { "line": 17, "column": 2 },
				"end": { "line": 17, "column": null }
			},
			"6": {
				"start": { "line": 19, "column": 2 },
				"end": { "line": 20, "column": null }
			},
			"7": {
				"start": { "line": 20, "column": 3 },
				"end": { "line": 20, "column": null }
			},
			"8": {
				"start": { "line": 23, "column": 2 },
				"end": { "line": 43, "column": null }
			},
			"9": {
				"start": { "line": 25, "column": 3 },
				"end": { "line": 26, "column": null }
			},
			"10": {
				"start": { "line": 26, "column": 4 },
				"end": { "line": 26, "column": null }
			},
			"11": {
				"start": { "line": 29, "column": 17 },
				"end": { "line": 29, "column": 48 }
			},
			"12": {
				"start": { "line": 32, "column": 23 },
				"end": { "line": 32, "column": null }
			},
			"13": {
				"start": { "line": 33, "column": 3 },
				"end": { "line": 33, "column": null }
			},
			"14": {
				"start": { "line": 33, "column": 21 },
				"end": { "line": 33, "column": null }
			},
			"15": {
				"start": { "line": 34, "column": 23 },
				"end": { "line": 34, "column": 61 }
			},
			"16": {
				"start": { "line": 36, "column": 3 },
				"end": { "line": 36, "column": null }
			},
			"17": {
				"start": { "line": 37, "column": 3 },
				"end": { "line": 37, "column": null }
			},
			"18": {
				"start": { "line": 39, "column": 3 },
				"end": { "line": 39, "column": null }
			},
			"19": {
				"start": { "line": 41, "column": 3 },
				"end": { "line": 41, "column": null }
			},
			"20": {
				"start": { "line": 42, "column": 3 },
				"end": { "line": 43, "column": null }
			},
			"21": {
				"start": { "line": 43, "column": 4 },
				"end": { "line": 43, "column": null }
			},
			"22": {
				"start": { "line": 48, "column": 1 },
				"end": { "line": 48, "column": null }
			}
		},
		"fnMap": {
			"0": {
				"name": "(anonymous_0)",
				"decl": {
					"start": { "line": 6, "column": 13 },
					"end": { "line": 6, "column": 32 }
				},
				"loc": {
					"start": { "line": 6, "column": 32 },
					"end": { "line": 48, "column": null }
				},
				"line": 6
			},
			"1": {
				"name": "(anonymous_1)",
				"decl": {
					"start": { "line": 11, "column": 15 },
					"end": { "line": 11, "column": 22 }
				},
				"loc": {
					"start": { "line": 16, "column": 22 },
					"end": { "line": 43, "column": null }
				},
				"line": 16
			}
		},
		"branchMap": {
			"0": {
				"loc": {
					"start": { "line": 15, "column": 2 },
					"end": { "line": 15, "column": null }
				},
				"type": "default-arg",
				"locations": [
					{
						"start": { "line": 15, "column": 19 },
						"end": { "line": 15, "column": null }
					}
				],
				"line": 15
			},
			"1": {
				"loc": {
					"start": { "line": 19, "column": 2 },
					"end": { "line": 20, "column": null }
				},
				"type": "if",
				"locations": [
					{
						"start": { "line": 19, "column": 2 },
						"end": { "line": 20, "column": null }
					},
					{ "start": {}, "end": {} }
				],
				"line": 19
			},
			"2": {
				"loc": {
					"start": { "line": 25, "column": 3 },
					"end": { "line": 26, "column": null }
				},
				"type": "if",
				"locations": [
					{
						"start": { "line": 25, "column": 3 },
						"end": { "line": 26, "column": null }
					},
					{ "start": {}, "end": {} }
				],
				"line": 25
			},
			"3": {
				"loc": {
					"start": { "line": 32, "column": 23 },
					"end": { "line": 32, "column": null }
				},
				"type": "cond-expr",
				"locations": [
					{
						"start": { "line": 32, "column": 46 },
						"end": { "line": 32, "column": 57 }
					},
					{
						"start": { "line": 32, "column": 57 },
						"end": { "line": 32, "column": null }
					}
				],
				"line": 32
			},
			"4": {
				"loc": {
					"start": { "line": 33, "column": 3 },
					"end": { "line": 33, "column": null }
				},
				"type": "if",
				"locations": [
					{
						"start": { "line": 33, "column": 3 },
						"end": { "line": 33, "column": null }
					},
					{ "start": {}, "end": {} }
				],
				"line": 33
			},
			"5": {
				"loc": {
					"start": { "line": 42, "column": 3 },
					"end": { "line": 43, "column": null }
				},
				"type": "if",
				"locations": [
					{
						"start": { "line": 42, "column": 3 },
						"end": { "line": 43, "column": null }
					},
					{ "start": {}, "end": {} }
				],
				"line": 42
			},
			"6": {
				"loc": {
					"start": { "line": 42, "column": 7 },
					"end": { "line": 42, "column": 48 }
				},
				"type": "binary-expr",
				"locations": [
					{
						"start": { "line": 42, "column": 7 },
						"end": { "line": 42, "column": 25 }
					},
					{
						"start": { "line": 42, "column": 25 },
						"end": { "line": 42, "column": 48 }
					}
				],
				"line": 42
			}
		},
		"s": {
			"0": 1,
			"1": 21,
			"2": 21,
			"3": 21,
			"4": 21,
			"5": 10,
			"6": 10,
			"7": 0,
			"8": 10,
			"9": 10,
			"10": 9,
			"11": 10,
			"12": 10,
			"13": 10,
			"14": 1,
			"15": 9,
			"16": 9,
			"17": 9,
			"18": 4,
			"19": 10,
			"20": 10,
			"21": 8,
			"22": 21
		},
		"f": { "0": 21, "1": 10 },
		"b": {
			"0": [10],
			"1": [0, 10],
			"2": [9, 1],
			"3": [1, 9],
			"4": [1, 9],
			"5": [8, 2],
			"6": [10, 9]
		},
		"meta": {
			"lastBranch": 7,
			"lastFunction": 2,
			"lastStatement": 23,
			"seen": {
				"s:6:13:48:Infinity": 0,
				"f:6:13:6:32": 0,
				"s:7:22:7:45": 1,
				"s:8:20:8:52": 2,
				"s:9:15:9:50": 3,
				"s:11:15:43:Infinity": 4,
				"f:11:15:11:22": 1,
				"b:15:19:15:Infinity": 0,
				"s:17:2:17:Infinity": 5,
				"b:19:2:20:Infinity:undefined:undefined:undefined:undefined": 1,
				"s:19:2:20:Infinity": 6,
				"s:20:3:20:Infinity": 7,
				"s:23:2:43:Infinity": 8,
				"b:25:3:26:Infinity:undefined:undefined:undefined:undefined": 2,
				"s:25:3:26:Infinity": 9,
				"s:26:4:26:Infinity": 10,
				"s:29:17:29:48": 11,
				"s:32:23:32:Infinity": 12,
				"b:32:46:32:57:32:57:32:Infinity": 3,
				"b:33:3:33:Infinity:undefined:undefined:undefined:undefined": 4,
				"s:33:3:33:Infinity": 13,
				"s:33:21:33:Infinity": 14,
				"s:34:23:34:61": 15,
				"s:36:3:36:Infinity": 16,
				"s:37:3:37:Infinity": 17,
				"s:39:3:39:Infinity": 18,
				"s:41:3:41:Infinity": 19,
				"b:42:3:43:Infinity:undefined:undefined:undefined:undefined": 5,
				"s:42:3:43:Infinity": 20,
				"b:42:7:42:25:42:25:42:48": 6,
				"s:43:4:43:Infinity": 21,
				"s:48:1:48:Infinity": 22
			},
			"fnNames": {}
		}
	},
	"src/qztray.context.tsx": {
		"path": "src/qztray.context.tsx",
		"statementMap": {
			"0": {
				"start": { "line": 8, "column": 6 },
				"end": { "line": 8, "column": 69 }
			},
			"1": {
				"start": { "line": 10, "column": 6 },
				"end": { "line": 104, "column": null }
			},
			"2": {
				"start": { "line": 21, "column": 24 },
				"end": { "line": 29, "column": 3 }
			},
			"3": {
				"start": { "line": 31, "column": 1 },
				"end": { "line": 58, "column": null }
			},
			"4": {
				"start": { "line": 33, "column": 2 },
				"end": { "line": 33, "column": null }
			},
			"5": {
				"start": { "line": 34, "column": 2 },
				"end": { "line": 40, "column": null }
			},
			"6": {
				"start": { "line": 35, "column": 3 },
				"end": { "line": 38, "column": null }
			},
			"7": {
				"start": { "line": 36, "column": 4 },
				"end": { "line": 36, "column": null }
			},
			"8": {
				"start": { "line": 38, "column": 4 },
				"end": { "line": 38, "column": null }
			},
			"9": {
				"start": { "line": 41, "column": 2 },
				"end": { "line": 41, "column": null }
			},
			"10": {
				"start": { "line": 44, "column": 2 },
				"end": { "line": 47, "column": null }
			},
			"11": {
				"start": { "line": 45, "column": 3 },
				"end": { "line": 45, "column": null }
			},
			"12": {
				"start": { "line": 45, "column": 32 },
				"end": { "line": 45, "column": 65 }
			},
			"13": {
				"start": { "line": 46, "column": 3 },
				"end": { "line": 46, "column": null }
			},
			"14": {
				"start": { "line": 49, "column": 2 },
				"end": { "line": 51, "column": null }
			},
			"15": {
				"start": { "line": 50, "column": 3 },
				"end": { "line": 50, "column": null }
			},
			"16": {
				"start": { "line": 60, "column": 7 },
				"end": { "line": 79, "column": 36 }
			},
			"17": {
				"start": { "line": 61, "column": 2 },
				"end": { "line": 61, "column": null }
			},
			"18": {
				"start": { "line": 61, "column": 31 },
				"end": { "line": 61, "column": 64 }
			},
			"19": {
				"start": { "line": 62, "column": 2 },
				"end": { "line": 77, "column": null }
			},
			"20": {
				"start": { "line": 63, "column": 3 },
				"end": { "line": 63, "column": null }
			},
			"21": {
				"start": { "line": 64, "column": 3 },
				"end": { "line": 68, "column": null }
			},
			"22": {
				"start": { "line": 64, "column": 32 },
				"end": { "line": 68, "column": 6 }
			},
			"23": {
				"start": { "line": 69, "column": 3 },
				"end": { "line": 69, "column": null }
			},
			"24": {
				"start": { "line": 71, "column": 3 },
				"end": { "line": 76, "column": null }
			},
			"25": {
				"start": { "line": 71, "column": 32 },
				"end": { "line": 76, "column": 6 }
			},
			"26": {
				"start": { "line": 77, "column": 3 },
				"end": { "line": 77, "column": null }
			},
			"27": {
				"start": { "line": 81, "column": 1 },
				"end": { "line": 85, "column": null }
			},
			"28": {
				"start": { "line": 82, "column": 2 },
				"end": { "line": 83, "column": null }
			},
			"29": {
				"start": { "line": 83, "column": 3 },
				"end": { "line": 83, "column": null }
			},
			"30": {
				"start": { "line": 87, "column": 20 },
				"end": { "line": 90, "column": null }
			},
			"31": {
				"start": { "line": 88, "column": 2 },
				"end": { "line": 88, "column": null }
			},
			"32": {
				"start": { "line": 89, "column": 2 },
				"end": { "line": 89, "column": null }
			},
			"33": {
				"start": { "line": 89, "column": 31 },
				"end": { "line": 89, "column": 64 }
			},
			"34": {
				"start": { "line": 90, "column": 2 },
				"end": { "line": 90, "column": null }
			},
			"35": {
				"start": { "line": 93, "column": 1 },
				"end": { "line": 104, "column": null }
			}
		},
		"fnMap": {
			"0": {
				"name": "(anonymous_0)",
				"decl": {
					"start": { "line": 10, "column": 6 },
					"end": { "line": 10, "column": 31 }
				},
				"loc": {
					"start": { "line": 20, "column": 28 },
					"end": { "line": 104, "column": null }
				},
				"line": 20
			},
			"1": {
				"name": "(anonymous_1)",
				"decl": {
					"start": { "line": 31, "column": 1 },
					"end": { "line": 31, "column": 17 }
				},
				"loc": {
					"start": { "line": 31, "column": 17 },
					"end": { "line": 52, "column": null }
				},
				"line": 31
			},
			"2": {
				"name": "(anonymous_2)",
				"decl": {
					"start": { "line": 34, "column": 14 },
					"end": { "line": 34, "column": 37 }
				},
				"loc": {
					"start": { "line": 34, "column": 49 },
					"end": { "line": 40, "column": null }
				},
				"line": 34
			},
			"3": {
				"name": "(anonymous_3)",
				"decl": {
					"start": { "line": 44, "column": 15 },
					"end": { "line": 44, "column": 40 }
				},
				"loc": {
					"start": { "line": 44, "column": 40 },
					"end": { "line": 47, "column": null }
				},
				"line": 44
			},
			"4": {
				"name": "(anonymous_4)",
				"decl": {
					"start": { "line": 45, "column": 3 },
					"end": { "line": 45, "column": 22 }
				},
				"loc": {
					"start": { "line": 45, "column": 32 },
					"end": { "line": 45, "column": 65 }
				},
				"line": 45
			},
			"5": {
				"name": "(anonymous_5)",
				"decl": {
					"start": { "line": 49, "column": 15 },
					"end": { "line": 49, "column": 34 }
				},
				"loc": {
					"start": { "line": 49, "column": 42 },
					"end": { "line": 51, "column": null }
				},
				"line": 49
			},
			"6": {
				"name": "(anonymous_6)",
				"decl": {
					"start": { "line": 60, "column": 29 },
					"end": { "line": 60, "column": 41 }
				},
				"loc": {
					"start": { "line": 60, "column": 41 },
					"end": { "line": 79, "column": 5 }
				},
				"line": 60
			},
			"7": {
				"name": "(anonymous_7)",
				"decl": {
					"start": { "line": 61, "column": 2 },
					"end": { "line": 61, "column": 21 }
				},
				"loc": {
					"start": { "line": 61, "column": 31 },
					"end": { "line": 61, "column": 64 }
				},
				"line": 61
			},
			"8": {
				"name": "(anonymous_8)",
				"decl": {
					"start": { "line": 64, "column": 3 },
					"end": { "line": 64, "column": 22 }
				},
				"loc": {
					"start": { "line": 64, "column": 32 },
					"end": { "line": 68, "column": 6 }
				},
				"line": 64
			},
			"9": {
				"name": "(anonymous_9)",
				"decl": {
					"start": { "line": 71, "column": 3 },
					"end": { "line": 71, "column": 22 }
				},
				"loc": {
					"start": { "line": 71, "column": 32 },
					"end": { "line": 76, "column": 6 }
				},
				"line": 71
			},
			"10": {
				"name": "(anonymous_10)",
				"decl": {
					"start": { "line": 81, "column": 1 },
					"end": { "line": 81, "column": 17 }
				},
				"loc": {
					"start": { "line": 81, "column": 17 },
					"end": { "line": 85, "column": 5 }
				},
				"line": 81
			},
			"11": {
				"name": "(anonymous_11)",
				"decl": {
					"start": { "line": 87, "column": 20 },
					"end": { "line": 87, "column": 32 }
				},
				"loc": {
					"start": { "line": 87, "column": 32 },
					"end": { "line": 90, "column": null }
				},
				"line": 87
			},
			"12": {
				"name": "(anonymous_12)",
				"decl": {
					"start": { "line": 89, "column": 2 },
					"end": { "line": 89, "column": 21 }
				},
				"loc": {
					"start": { "line": 89, "column": 31 },
					"end": { "line": 89, "column": 64 }
				},
				"line": 89
			}
		},
		"branchMap": {
			"0": {
				"loc": {
					"start": { "line": 33, "column": 36 },
					"end": { "line": 33, "column": 67 }
				},
				"type": "binary-expr",
				"locations": [
					{
						"start": { "line": 33, "column": 36 },
						"end": { "line": 33, "column": 58 }
					},
					{
						"start": { "line": 33, "column": 58 },
						"end": { "line": 33, "column": 67 }
					}
				],
				"line": 33
			},
			"1": {
				"loc": {
					"start": { "line": 35, "column": 3 },
					"end": { "line": 38, "column": null }
				},
				"type": "if",
				"locations": [
					{
						"start": { "line": 35, "column": 3 },
						"end": { "line": 38, "column": null }
					},
					{
						"start": { "line": 37, "column": 10 },
						"end": { "line": 38, "column": null }
					}
				],
				"line": 35
			},
			"2": {
				"loc": {
					"start": { "line": 82, "column": 2 },
					"end": { "line": 83, "column": null }
				},
				"type": "if",
				"locations": [
					{
						"start": { "line": 82, "column": 2 },
						"end": { "line": 83, "column": null }
					},
					{ "start": {}, "end": {} }
				],
				"line": 82
			}
		},
		"s": {
			"0": 3,
			"1": 3,
			"2": 44,
			"3": 44,
			"4": 27,
			"5": 27,
			"6": 0,
			"7": 0,
			"8": 0,
			"9": 27,
			"10": 27,
			"11": 0,
			"12": 0,
			"13": 0,
			"14": 27,
			"15": 0,
			"16": 44,
			"17": 16,
			"18": 16,
			"19": 16,
			"20": 16,
			"21": 13,
			"22": 12,
			"23": 13,
			"24": 3,
			"25": 3,
			"26": 3,
			"27": 44,
			"28": 27,
			"29": 1,
			"30": 44,
			"31": 2,
			"32": 2,
			"33": 2,
			"34": 2,
			"35": 44
		},
		"f": {
			"0": 44,
			"1": 27,
			"2": 0,
			"3": 0,
			"4": 0,
			"5": 0,
			"6": 16,
			"7": 16,
			"8": 12,
			"9": 3,
			"10": 27,
			"11": 2,
			"12": 2
		},
		"b": { "0": [27, 26], "1": [0, 0], "2": [1, 26] },
		"meta": {
			"lastBranch": 3,
			"lastFunction": 13,
			"lastStatement": 36,
			"seen": {
				"s:8:6:8:69": 0,
				"s:10:6:104:Infinity": 1,
				"f:10:6:10:31": 0,
				"s:21:24:29:3": 2,
				"s:31:1:58:Infinity": 3,
				"f:31:1:31:17": 1,
				"s:33:2:33:Infinity": 4,
				"b:33:36:33:58:33:58:33:67": 0,
				"s:34:2:40:Infinity": 5,
				"f:34:14:34:37": 2,
				"b:35:3:38:Infinity:37:10:38:Infinity": 1,
				"s:35:3:38:Infinity": 6,
				"s:36:4:36:Infinity": 7,
				"s:38:4:38:Infinity": 8,
				"s:41:2:41:Infinity": 9,
				"s:44:2:47:Infinity": 10,
				"f:44:15:44:40": 3,
				"s:45:3:45:Infinity": 11,
				"f:45:3:45:22": 4,
				"s:45:32:45:65": 12,
				"s:46:3:46:Infinity": 13,
				"s:49:2:51:Infinity": 14,
				"f:49:15:49:34": 5,
				"s:50:3:50:Infinity": 15,
				"s:60:7:79:36": 16,
				"f:60:29:60:41": 6,
				"s:61:2:61:Infinity": 17,
				"f:61:2:61:21": 7,
				"s:61:31:61:64": 18,
				"s:62:2:77:Infinity": 19,
				"s:63:3:63:Infinity": 20,
				"s:64:3:68:Infinity": 21,
				"f:64:3:64:22": 8,
				"s:64:32:68:6": 22,
				"s:69:3:69:Infinity": 23,
				"s:71:3:76:Infinity": 24,
				"f:71:3:71:22": 9,
				"s:71:32:76:6": 25,
				"s:77:3:77:Infinity": 26,
				"s:81:1:85:Infinity": 27,
				"f:81:1:81:17": 10,
				"b:82:2:83:Infinity:undefined:undefined:undefined:undefined": 2,
				"s:82:2:83:Infinity": 28,
				"s:83:3:83:Infinity": 29,
				"s:87:20:90:Infinity": 30,
				"f:87:20:87:32": 11,
				"s:88:2:88:Infinity": 31,
				"s:89:2:89:Infinity": 32,
				"f:89:2:89:21": 12,
				"s:89:31:89:64": 33,
				"s:90:2:90:Infinity": 34,
				"s:93:1:104:Infinity": 35
			},
			"fnNames": {}
		}
	},
	"src/qztray.hook.ts": {
		"path": "src/qztray.hook.ts",
		"statementMap": {
			"0": {
				"start": { "line": 4, "column": 13 },
				"end": { "line": 10, "column": null }
			},
			"1": {
				"start": { "line": 5, "column": 7 },
				"end": { "line": 5, "column": 42 }
			},
			"2": {
				"start": { "line": 6, "column": 1 },
				"end": { "line": 7, "column": null }
			},
			"3": {
				"start": { "line": 7, "column": 2 },
				"end": { "line": 7, "column": null }
			},
			"4": {
				"start": { "line": 10, "column": 1 },
				"end": { "line": 10, "column": null }
			}
		},
		"fnMap": {
			"0": {
				"name": "(anonymous_0)",
				"decl": {
					"start": { "line": 4, "column": 13 },
					"end": { "line": 4, "column": 31 }
				},
				"loc": {
					"start": { "line": 4, "column": 31 },
					"end": { "line": 10, "column": null }
				},
				"line": 4
			}
		},
		"branchMap": {
			"0": {
				"loc": {
					"start": { "line": 6, "column": 1 },
					"end": { "line": 7, "column": null }
				},
				"type": "if",
				"locations": [
					{
						"start": { "line": 6, "column": 1 },
						"end": { "line": 7, "column": null }
					},
					{ "start": {}, "end": {} }
				],
				"line": 6
			}
		},
		"s": { "0": 2, "1": 40, "2": 40, "3": 2, "4": 38 },
		"f": { "0": 40 },
		"b": { "0": [2, 38] },
		"meta": {
			"lastBranch": 1,
			"lastFunction": 1,
			"lastStatement": 5,
			"seen": {
				"s:4:13:10:Infinity": 0,
				"f:4:13:4:31": 0,
				"s:5:7:5:42": 1,
				"b:6:1:7:Infinity:undefined:undefined:undefined:undefined": 0,
				"s:6:1:7:Infinity": 2,
				"s:7:2:7:Infinity": 3,
				"s:10:1:10:Infinity": 4
			},
			"fnNames": {}
		}
	}
}
